<?xml version="1.0" encoding="UTF-8"?>
<testng-results ignored="0" total="1" passed="1" failed="0" skipped="0">
  <reporter-output>
    <line>
      <![CDATA[Expected Result = Facebook helps you connect and share with the people in your life.]]>
    </line>
    <line>
      <![CDATA[actualResult = Facebook helps you connect and share with the people in your life.]]>
    </line>
  </reporter-output>
  <suite started-at="2025-08-05T14:49:50 IST" name="regSuite" finished-at="2025-08-05T14:50:25 IST" duration-ms="34329">
    <groups>
    </groups>
    <test started-at="2025-08-05T14:49:50 IST" name="regTest" finished-at="2025-08-05T14:50:25 IST" duration-ms="34329">
      <class name="test.BasicValidation">
        <test-method is-config="true" signature="setup()[pri:0, instance:test.BasicValidation@433defed]" started-at="2025-08-05T14:49:51 IST" name="setup" finished-at="2025-08-05T14:50:19 IST" duration-ms="28303" status="PASS">
          <reporter-output>
          </reporter-output>
        </test-method> <!-- setup -->
        <test-method signature="welcomeValidateMessage()[pri:0, instance:test.BasicValidation@433defed]" started-at="2025-08-05T14:50:19 IST" name="welcomeValidateMessage" finished-at="2025-08-05T14:50:21 IST" duration-ms="1553" status="PASS">
          <reporter-output>
            <line>
              <![CDATA[Expected Result = Facebook helps you connect and share with the people in your life.]]>
            </line>
            <line>
              <![CDATA[actualResult = Facebook helps you connect and share with the people in your life.]]>
            </line>
          </reporter-output>
        </test-method> <!-- welcomeValidateMessage -->
        <test-method is-config="true" signature="tearDown()[pri:0, instance:test.BasicValidation@433defed]" started-at="2025-08-05T14:50:22 IST" name="tearDown" finished-at="2025-08-05T14:50:25 IST" duration-ms="2876" status="PASS">
          <reporter-output>
          </reporter-output>
        </test-method> <!-- tearDown -->
      </class> <!-- test.BasicValidation -->
    </test> <!-- regTest -->
  </suite> <!-- regSuite -->
</testng-results>
