<?xml version="1.0" encoding="UTF-8"?>
<testng-results ignored="0" total="1" passed="1" failed="0" skipped="0">
  <reporter-output>
    <line>
      <![CDATA[Expected Result = Facebook helps you connect and share with the people in your life.]]>
    </line>
    <line>
      <![CDATA[actualResult = Facebook helps you connect and share with the people in your life.]]>
    </line>
  </reporter-output>
  <suite started-at="2025-08-05T14:33:26 IST" name="regSuite" finished-at="2025-08-05T14:33:42 IST" duration-ms="16536">
    <groups>
    </groups>
    <test started-at="2025-08-05T14:33:26 IST" name="regTest" finished-at="2025-08-05T14:33:42 IST" duration-ms="16536">
      <class name="test.BasicValidation">
        <test-method is-config="true" signature="setup()[pri:0, instance:test.BasicValidation@6d5620ce]" started-at="2025-08-05T14:33:26 IST" name="setup" finished-at="2025-08-05T14:33:39 IST" duration-ms="13572" status="PASS">
          <reporter-output>
          </reporter-output>
        </test-method> <!-- setup -->
        <test-method signature="welcomeValidateMessage()[pri:0, instance:test.BasicValidation@6d5620ce]" started-at="2025-08-05T14:33:40 IST" name="welcomeValidateMessage" finished-at="2025-08-05T14:33:40 IST" duration-ms="689" status="PASS">
          <reporter-output>
            <line>
              <![CDATA[Expected Result = Facebook helps you connect and share with the people in your life.]]>
            </line>
            <line>
              <![CDATA[actualResult = Facebook helps you connect and share with the people in your life.]]>
            </line>
          </reporter-output>
        </test-method> <!-- welcomeValidateMessage -->
        <test-method is-config="true" signature="tearDown()[pri:0, instance:test.BasicValidation@6d5620ce]" started-at="2025-08-05T14:33:41 IST" name="tearDown" finished-at="2025-08-05T14:33:42 IST" duration-ms="1407" status="PASS">
          <reporter-output>
          </reporter-output>
        </test-method> <!-- tearDown -->
      </class> <!-- test.BasicValidation -->
    </test> <!-- regTest -->
  </suite> <!-- regSuite -->
</testng-results>
